Build started 10/15/2020 10:13:05 AM.
Logging verbosity is set to: Normal.     1>Project "J:\lang\net\runtime\src\tests\run.proj" on node 1 (default targets).
     1>Project "J:\lang\net\runtime\src\tests\run.proj" (1) is building "J:\lang\net\runtime\src\tests\run.proj" (1:2) on node 1 (RunTests target(s)).
     1>FindTestDirectories:
         AllTestAssemblies= J:\lang\net\runtime\artifacts\tests\coreclr\Windows_NT.x64.Debug\baseservices\callconvs\baseservices.callconvs.XUnitWrapper.dll;J:\lang\net\runtime\artifacts\tests\coreclr\Windows_NT.x64.Debug\baseservices\compilerservices\baseservices.compilerservices.XUnitWrapper.dll;J:\lang\net\runtime\artifacts\tests\coreclr\Windows_NT.x64.Debug\baseservices\exceptions\baseservices.exceptions.XUnitWrapper.dll;J:\lang\net\runtime\artifacts\tests\coreclr\Windows_NT.x64.Debug\baseservices\mono\baseservices.mono.XUnitWrapper.dll;J:\lang\net\runtime\artifacts\tests\coreclr\Windows_NT.x64.Debug\baseservices\threading\baseservices.threading.XUnitWrapper.dll;J:\lang\net\runtime\artifacts\tests\coreclr\Windows_NT.x64.Debug\baseservices\TieredCompilation\baseservices.TieredCompilation.XUnitWrapper.dll;J:\lang\net\runtime\artifacts\tests\coreclr\Windows_NT.x64.Debug\baseservices\typeequivalence\baseservices.typeequivalence.XUnitWrapper.dll;J:\lang\net\runtime\artifacts\tests\coreclr\Windows_NT.x64.Debug\baseservices\varargs\baseservices.varargs.XUnitWrapper.dll;J:\lang\net\runtime\artifacts\tests\coreclr\Windows_NT.x64.Debug\CoreMangLib\system\CoreMangLib.system.XUnitWrapper.dll;J:\lang\net\runtime\artifacts\tests\coreclr\Windows_NT.x64.Debug\Exceptions\ForeignThread\Exceptions.ForeignThread.XUnitWrapper.dll;J:\lang\net\runtime\artifacts\tests\coreclr\Windows_NT.x64.Debug\GC\API\GC.API.XUnitWrapper.dll;J:\lang\net\runtime\artifacts\tests\coreclr\Windows_NT.x64.Debug\GC\Coverage\GC.Coverage.XUnitWrapper.dll;J:\lang\net\runtime\artifacts\tests\coreclr\Windows_NT.x64.Debug\GC\Features\GC.Features.XUnitWrapper.dll;J:\lang\net\runtime\artifacts\tests\coreclr\Windows_NT.x64.Debug\GC\LargeMemory\GC.LargeMemory.XUnitWrapper.dll;J:\lang\net\runtime\artifacts\tests\coreclr\Windows_NT.x64.Debug\GC\Regressions\GC.Regressions.XUnitWrapper.dll;J:\lang\net\runtime\artifacts\tests\coreclr\Windows_NT.x64.Debug\GC\Scenarios\GC.Scenarios.XUnitWrapper.dll;J:\lang\net\runtime\artifacts\tests\coreclr\Windows_NT.x64.Debug\GC\Stress\GC.Stress.XUnitWrapper.dll;J:\lang\net\runtime\artifacts\tests\coreclr\Windows_NT.x64.Debug\ilasm\PortablePdb\ilasm.PortablePdb.XUnitWrapper.dll;J:\lang\net\runtime\artifacts\tests\coreclr\Windows_NT.x64.Debug\ilasm\System\ilasm.System.XUnitWrapper.dll;J:\lang\net\runtime\artifacts\tests\coreclr\Windows_NT.x64.Debug\Interop\ArrayMarshalling\Interop.ArrayMarshalling.XUnitWrapper.dll;J:\lang\net\runtime\artifacts\tests\coreclr\Windows_NT.x64.Debug\Interop\COM\Interop.COM.XUnitWrapper.dll;J:\lang\net\runtime\artifacts\tests\coreclr\Windows_NT.x64.Debug\Interop\DllImportAttribute\Interop.DllImportAttribute.XUnitWrapper.dll;J:\lang\net\runtime\artifacts\tests\coreclr\Windows_NT.x64.Debug\Interop\ExecInDefAppDom\Interop.ExecInDefAppDom.XUnitWrapper.dll;J:\lang\net\runtime\artifacts\tests\coreclr\Windows_NT.x64.Debug\Interop\ICastable\Interop.ICastable.XUnitWrapper.dll;J:\lang\net\runtime\artifacts\tests\coreclr\Windows_NT.x64.Debug\Interop\ICustomMarshaler\Interop.ICustomMarshaler.XUnitWrapper.dll;J:\lang\net\runtime\artifacts\tests\coreclr\Windows_NT.x64.Debug\Interop\IDynamicInterfaceCastable\Interop.IDynamicInterfaceCastable.XUnitWrapper.dll;J:\lang\net\runtime\artifacts\tests\coreclr\Windows_NT.x64.Debug\Interop\IJW\Interop.IJW.XUnitWrapper.dll;J:\lang\net\runtime\artifacts\tests\coreclr\Windows_NT.x64.Debug\Interop\LayoutClass\Interop.LayoutClass.XUnitWrapper.dll;J:\lang\net\runtime\artifacts\tests\coreclr\Windows_NT.x64.Debug\Interop\MarshalAPI\Interop.MarshalAPI.XUnitWrapper.dll;J:\lang\net\runtime\artifacts\tests\coreclr\Windows_NT.x64.Debug\Interop\NativeLibrary\Interop.NativeLibrary.XUnitWrapper.dll;J:\lang\net\runtime\artifacts\tests\coreclr\Windows_NT.x64.Debug\Interop\PInvoke\Interop.PInvoke.XUnitWrapper.dll;J:\lang\net\runtime\artifacts\tests\coreclr\Windows_NT.x64.Debug\Interop\StringMarshalling\Interop.StringMarshalling.XUnitWrapper.dll;J:\lang\net\runtime\artifacts\tests\coreclr\Windows_NT.x64.Debug\Interop\StructMarshalling\Interop.StructMarshalling.XUnitWrapper.dll;J:\lang\net\runtime\artifacts\tests\coreclr\Windows_NT.x64.Debug\Interop\StructPacking\Interop.StructPacking.XUnitWrapper.dll;J:\lang\net\runtime\artifacts\tests\coreclr\Windows_NT.x64.Debug\Interop\UnmanagedCallersOnly\Interop.UnmanagedCallersOnly.XUnitWrapper.dll;J:\lang\net\runtime\artifacts\tests\coreclr\Windows_NT.x64.Debug\Interop\WinRT\Interop.WinRT.XUnitWrapper.dll;J:\lang\net\runtime\artifacts\tests\coreclr\Windows_NT.x64.Debug\JIT\CheckProjects\JIT.CheckProjects.XUnitWrapper.dll;J:\lang\net\runtime\artifacts\tests\coreclr\Windows_NT.x64.Debug\JIT\CodeGenBringUpTests\JIT.CodeGenBringUpTests.XUnitWrapper.dll;J:\lang\net\runtime\artifacts\tests\coreclr\Windows_NT.x64.Debug\JIT\Directed\JIT.Directed.XUnitWrapper.dll;J:\lang\net\runtime\artifacts\tests\coreclr\Windows_NT.x64.Debug\JIT\Generics\JIT.Generics.XUnitWrapper.dll;J:\lang\net\runtime\artifacts\tests\coreclr\Windows_NT.x64.Debug\JIT\HardwareIntrinsics\JIT.HardwareIntrinsics.XUnitWrapper.dll;J:\lang\net\runtime\artifacts\tests\coreclr\Windows_NT.x64.Debug\JIT\IL_Conformance\JIT.IL_Conformance.XUnitWrapper.dll;J:\lang\net\runtime\artifacts\tests\coreclr\Windows_NT.x64.Debug\JIT\Intrinsics\JIT.Intrinsics.XUnitWrapper.dll;J:\lang\net\runtime\artifacts\tests\coreclr\Windows_NT.x64.Debug\JIT\jit64\JIT.jit64.XUnitWrapper.dll;J:\lang\net\runtime\artifacts\tests\coreclr\Windows_NT.x64.Debug\JIT\Methodical\JIT.Methodical.XUnitWrapper.dll;J:\lang\net\runtime\artifacts\tests\coreclr\Windows_NT.x64.Debug\JIT\opt\JIT.opt.XUnitWrapper.dll;J:\lang\net\runtime\artifacts\tests\coreclr\Windows_NT.x64.Debug\JIT\Performance\JIT.Performance.XUnitWrapper.dll;J:\lang\net\runtime\artifacts\tests\coreclr\Windows_NT.x64.Debug\JIT\Regression\JIT.Regression.XUnitWrapper.dll;J:\lang\net\runtime\artifacts\tests\coreclr\Windows_NT.x64.Debug\JIT\RyuJIT\JIT.RyuJIT.XUnitWrapper.dll;J:\lang\net\runtime\artifacts\tests\coreclr\Windows_NT.x64.Debug\JIT\SIMD\JIT.SIMD.XUnitWrapper.dll;J:\lang\net\runtime\artifacts\tests\coreclr\Windows_NT.x64.Debug\JIT\Stress\JIT.Stress.XUnitWrapper.dll;J:\lang\net\runtime\artifacts\tests\coreclr\Windows_NT.x64.Debug\JIT\superpmi\JIT.superpmi.XUnitWrapper.dll;J:\lang\net\runtime\artifacts\tests\coreclr\Windows_NT.x64.Debug\Loader\AssemblyDependencyResolver\Loader.AssemblyDependencyResolver.XUnitWrapper.dll;J:\lang\net\runtime\artifacts\tests\coreclr\Windows_NT.x64.Debug\Loader\AssemblyLoadContext30Extensions\Loader.AssemblyLoadContext30Extensions.XUnitWrapper.dll;J:\lang\net\runtime\artifacts\tests\coreclr\Windows_NT.x64.Debug\Loader\binding\Loader.binding.XUnitWrapper.dll;J:\lang\net\runtime\artifacts\tests\coreclr\Windows_NT.x64.Debug\Loader\classloader\Loader.classloader.XUnitWrapper.dll;J:\lang\net\runtime\artifacts\tests\coreclr\Windows_NT.x64.Debug\Loader\CollectibleAssemblies\Loader.CollectibleAssemblies.XUnitWrapper.dll;J:\lang\net\runtime\artifacts\tests\coreclr\Windows_NT.x64.Debug\Loader\ContextualReflection\Loader.ContextualReflection.XUnitWrapper.dll;J:\lang\net\runtime\artifacts\tests\coreclr\Windows_NT.x64.Debug\Loader\regressions\Loader.regressions.XUnitWrapper.dll;J:\lang\net\runtime\artifacts\tests\coreclr\Windows_NT.x64.Debug\managed\Compilation\managed.Compilation.XUnitWrapper.dll;J:\lang\net\runtime\artifacts\tests\coreclr\Windows_NT.x64.Debug\profiler\elt\profiler.elt.XUnitWrapper.dll;J:\lang\net\runtime\artifacts\tests\coreclr\Windows_NT.x64.Debug\profiler\eventpipe\profiler.eventpipe.XUnitWrapper.dll;J:\lang\net\runtime\artifacts\tests\coreclr\Windows_NT.x64.Debug\profiler\gc\profiler.gc.XUnitWrapper.dll;J:\lang\net\runtime\artifacts\tests\coreclr\Windows_NT.x64.Debug\profiler\rejit\profiler.rejit.XUnitWrapper.dll;J:\lang\net\runtime\artifacts\tests\coreclr\Windows_NT.x64.Debug\profiler\unittest\profiler.unittest.XUnitWrapper.dll;J:\lang\net\runtime\artifacts\tests\coreclr\Windows_NT.x64.Debug\readytorun\coreroot_determinism\readytorun.coreroot_determinism.XUnitWrapper.dll;J:\lang\net\runtime\artifacts\tests\coreclr\Windows_NT.x64.Debug\readytorun\crossgen2\readytorun.crossgen2.XUnitWrapper.dll;J:\lang\net\runtime\artifacts\tests\coreclr\Windows_NT.x64.Debug\readytorun\determinism\readytorun.determinism.XUnitWrapper.dll;J:\lang\net\runtime\artifacts\tests\coreclr\Windows_NT.x64.Debug\readytorun\DynamicMethodGCStress\readytorun.DynamicMethodGCStress.XUnitWrapper.dll;J:\lang\net\runtime\artifacts\tests\coreclr\Windows_NT.x64.Debug\readytorun\multifolder\readytorun.multifolder.XUnitWrapper.dll;J:\lang\net\runtime\artifacts\tests\coreclr\Windows_NT.x64.Debug\readytorun\r2rdump\readytorun.r2rdump.XUnitWrapper.dll;J:\lang\net\runtime\artifacts\tests\coreclr\Windows_NT.x64.Debug\readytorun\tests\readytorun.tests.XUnitWrapper.dll;J:\lang\net\runtime\artifacts\tests\coreclr\Windows_NT.x64.Debug\reflection\DefaultInterfaceMethods\reflection.DefaultInterfaceMethods.XUnitWrapper.dll;J:\lang\net\runtime\artifacts\tests\coreclr\Windows_NT.x64.Debug\reflection\Modifiers\reflection.Modifiers.XUnitWrapper.dll;J:\lang\net\runtime\artifacts\tests\coreclr\Windows_NT.x64.Debug\reflection\SetValue\reflection.SetValue.XUnitWrapper.dll;J:\lang\net\runtime\artifacts\tests\coreclr\Windows_NT.x64.Debug\reflection\StaticInterfaceMembers\reflection.StaticInterfaceMembers.XUnitWrapper.dll;J:\lang\net\runtime\artifacts\tests\coreclr\Windows_NT.x64.Debug\Regressions\coreclr\Regressions.coreclr.XUnitWrapper.dll;J:\lang\net\runtime\artifacts\tests\coreclr\Windows_NT.x64.Debug\tracing\eventactivityidcontrol\tracing.eventactivityidcontrol.XUnitWrapper.dll;J:\lang\net\runtime\artifacts\tests\coreclr\Windows_NT.x64.Debug\tracing\eventcounter\tracing.eventcounter.XUnitWrapper.dll;J:\lang\net\runtime\artifacts\tests\coreclr\Windows_NT.x64.Debug\tracing\eventlistener\tracing.eventlistener.XUnitWrapper.dll;J:\lang\net\runtime\artifacts\tests\coreclr\Windows_NT.x64.Debug\tracing\eventpipe\tracing.eventpipe.XUnitWrapper.dll;J:\lang\net\runtime\artifacts\tests\coreclr\Windows_NT.x64.Debug\tracing\eventsource\tracing.eventsource.XUnitWrapper.dll;J:\lang\net\runtime\artifacts\tests\coreclr\Windows_NT.x64.Debug\tracing\regress\tracing.regress.XUnitWrapper.dll;J:\lang\net\runtime\artifacts\tests\coreclr\Windows_NT.x64.Debug\tracing\tracecontrol\tracing.tracecontrol.XUnitWrapper.dll;J:\lang\net\runtime\artifacts\tests\coreclr\Windows_NT.x64.Debug\tracing\tracevalidation\tracing.tracevalidation.XUnitWrapper.dll
         TestAssemblies= J:\lang\net\runtime\artifacts\tests\coreclr\Windows_NT.x64.Debug\baseservices\callconvs\baseservices.callconvs.XUnitWrapper.dll;J:\lang\net\runtime\artifacts\tests\coreclr\Windows_NT.x64.Debug\baseservices\compilerservices\baseservices.compilerservices.XUnitWrapper.dll;J:\lang\net\runtime\artifacts\tests\coreclr\Windows_NT.x64.Debug\baseservices\exceptions\baseservices.exceptions.XUnitWrapper.dll;J:\lang\net\runtime\artifacts\tests\coreclr\Windows_NT.x64.Debug\baseservices\mono\baseservices.mono.XUnitWrapper.dll;J:\lang\net\runtime\artifacts\tests\coreclr\Windows_NT.x64.Debug\baseservices\threading\baseservices.threading.XUnitWrapper.dll;J:\lang\net\runtime\artifacts\tests\coreclr\Windows_NT.x64.Debug\baseservices\TieredCompilation\baseservices.TieredCompilation.XUnitWrapper.dll;J:\lang\net\runtime\artifacts\tests\coreclr\Windows_NT.x64.Debug\baseservices\typeequivalence\baseservices.typeequivalence.XUnitWrapper.dll;J:\lang\net\runtime\artifacts\tests\coreclr\Windows_NT.x64.Debug\baseservices\varargs\baseservices.varargs.XUnitWrapper.dll;J:\lang\net\runtime\artifacts\tests\coreclr\Windows_NT.x64.Debug\CoreMangLib\system\CoreMangLib.system.XUnitWrapper.dll;J:\lang\net\runtime\artifacts\tests\coreclr\Windows_NT.x64.Debug\Exceptions\ForeignThread\Exceptions.ForeignThread.XUnitWrapper.dll;J:\lang\net\runtime\artifacts\tests\coreclr\Windows_NT.x64.Debug\GC\API\GC.API.XUnitWrapper.dll;J:\lang\net\runtime\artifacts\tests\coreclr\Windows_NT.x64.Debug\GC\Coverage\GC.Coverage.XUnitWrapper.dll;J:\lang\net\runtime\artifacts\tests\coreclr\Windows_NT.x64.Debug\GC\Features\GC.Features.XUnitWrapper.dll;J:\lang\net\runtime\artifacts\tests\coreclr\Windows_NT.x64.Debug\GC\LargeMemory\GC.LargeMemory.XUnitWrapper.dll;J:\lang\net\runtime\artifacts\tests\coreclr\Windows_NT.x64.Debug\GC\Regressions\GC.Regressions.XUnitWrapper.dll;J:\lang\net\runtime\artifacts\tests\coreclr\Windows_NT.x64.Debug\GC\Scenarios\GC.Scenarios.XUnitWrapper.dll;J:\lang\net\runtime\artifacts\tests\coreclr\Windows_NT.x64.Debug\GC\Stress\GC.Stress.XUnitWrapper.dll;J:\lang\net\runtime\artifacts\tests\coreclr\Windows_NT.x64.Debug\ilasm\PortablePdb\ilasm.PortablePdb.XUnitWrapper.dll;J:\lang\net\runtime\artifacts\tests\coreclr\Windows_NT.x64.Debug\ilasm\System\ilasm.System.XUnitWrapper.dll;J:\lang\net\runtime\artifacts\tests\coreclr\Windows_NT.x64.Debug\Interop\ArrayMarshalling\Interop.ArrayMarshalling.XUnitWrapper.dll;J:\lang\net\runtime\artifacts\tests\coreclr\Windows_NT.x64.Debug\Interop\COM\Interop.COM.XUnitWrapper.dll;J:\lang\net\runtime\artifacts\tests\coreclr\Windows_NT.x64.Debug\Interop\DllImportAttribute\Interop.DllImportAttribute.XUnitWrapper.dll;J:\lang\net\runtime\artifacts\tests\coreclr\Windows_NT.x64.Debug\Interop\ExecInDefAppDom\Interop.ExecInDefAppDom.XUnitWrapper.dll;J:\lang\net\runtime\artifacts\tests\coreclr\Windows_NT.x64.Debug\Interop\ICastable\Interop.ICastable.XUnitWrapper.dll;J:\lang\net\runtime\artifacts\tests\coreclr\Windows_NT.x64.Debug\Interop\ICustomMarshaler\Interop.ICustomMarshaler.XUnitWrapper.dll;J:\lang\net\runtime\artifacts\tests\coreclr\Windows_NT.x64.Debug\Interop\IDynamicInterfaceCastable\Interop.IDynamicInterfaceCastable.XUnitWrapper.dll;J:\lang\net\runtime\artifacts\tests\coreclr\Windows_NT.x64.Debug\Interop\IJW\Interop.IJW.XUnitWrapper.dll;J:\lang\net\runtime\artifacts\tests\coreclr\Windows_NT.x64.Debug\Interop\LayoutClass\Interop.LayoutClass.XUnitWrapper.dll;J:\lang\net\runtime\artifacts\tests\coreclr\Windows_NT.x64.Debug\Interop\MarshalAPI\Interop.MarshalAPI.XUnitWrapper.dll;J:\lang\net\runtime\artifacts\tests\coreclr\Windows_NT.x64.Debug\Interop\NativeLibrary\Interop.NativeLibrary.XUnitWrapper.dll;J:\lang\net\runtime\artifacts\tests\coreclr\Windows_NT.x64.Debug\Interop\PInvoke\Interop.PInvoke.XUnitWrapper.dll;J:\lang\net\runtime\artifacts\tests\coreclr\Windows_NT.x64.Debug\Interop\StringMarshalling\Interop.StringMarshalling.XUnitWrapper.dll;J:\lang\net\runtime\artifacts\tests\coreclr\Windows_NT.x64.Debug\Interop\StructMarshalling\Interop.StructMarshalling.XUnitWrapper.dll;J:\lang\net\runtime\artifacts\tests\coreclr\Windows_NT.x64.Debug\Interop\StructPacking\Interop.StructPacking.XUnitWrapper.dll;J:\lang\net\runtime\artifacts\tests\coreclr\Windows_NT.x64.Debug\Interop\UnmanagedCallersOnly\Interop.UnmanagedCallersOnly.XUnitWrapper.dll;J:\lang\net\runtime\artifacts\tests\coreclr\Windows_NT.x64.Debug\Interop\WinRT\Interop.WinRT.XUnitWrapper.dll;J:\lang\net\runtime\artifacts\tests\coreclr\Windows_NT.x64.Debug\JIT\CheckProjects\JIT.CheckProjects.XUnitWrapper.dll;J:\lang\net\runtime\artifacts\tests\coreclr\Windows_NT.x64.Debug\JIT\CodeGenBringUpTests\JIT.CodeGenBringUpTests.XUnitWrapper.dll;J:\lang\net\runtime\artifacts\tests\coreclr\Windows_NT.x64.Debug\JIT\Directed\JIT.Directed.XUnitWrapper.dll;J:\lang\net\runtime\artifacts\tests\coreclr\Windows_NT.x64.Debug\JIT\Generics\JIT.Generics.XUnitWrapper.dll;J:\lang\net\runtime\artifacts\tests\coreclr\Windows_NT.x64.Debug\JIT\HardwareIntrinsics\JIT.HardwareIntrinsics.XUnitWrapper.dll;J:\lang\net\runtime\artifacts\tests\coreclr\Windows_NT.x64.Debug\JIT\IL_Conformance\JIT.IL_Conformance.XUnitWrapper.dll;J:\lang\net\runtime\artifacts\tests\coreclr\Windows_NT.x64.Debug\JIT\Intrinsics\JIT.Intrinsics.XUnitWrapper.dll;J:\lang\net\runtime\artifacts\tests\coreclr\Windows_NT.x64.Debug\JIT\jit64\JIT.jit64.XUnitWrapper.dll;J:\lang\net\runtime\artifacts\tests\coreclr\Windows_NT.x64.Debug\JIT\Methodical\JIT.Methodical.XUnitWrapper.dll;J:\lang\net\runtime\artifacts\tests\coreclr\Windows_NT.x64.Debug\JIT\opt\JIT.opt.XUnitWrapper.dll;J:\lang\net\runtime\artifacts\tests\coreclr\Windows_NT.x64.Debug\JIT\Performance\JIT.Performance.XUnitWrapper.dll;J:\lang\net\runtime\artifacts\tests\coreclr\Windows_NT.x64.Debug\JIT\Regression\JIT.Regression.XUnitWrapper.dll;J:\lang\net\runtime\artifacts\tests\coreclr\Windows_NT.x64.Debug\JIT\RyuJIT\JIT.RyuJIT.XUnitWrapper.dll;J:\lang\net\runtime\artifacts\tests\coreclr\Windows_NT.x64.Debug\JIT\SIMD\JIT.SIMD.XUnitWrapper.dll;J:\lang\net\runtime\artifacts\tests\coreclr\Windows_NT.x64.Debug\JIT\Stress\JIT.Stress.XUnitWrapper.dll;J:\lang\net\runtime\artifacts\tests\coreclr\Windows_NT.x64.Debug\JIT\superpmi\JIT.superpmi.XUnitWrapper.dll;J:\lang\net\runtime\artifacts\tests\coreclr\Windows_NT.x64.Debug\Loader\AssemblyDependencyResolver\Loader.AssemblyDependencyResolver.XUnitWrapper.dll;J:\lang\net\runtime\artifacts\tests\coreclr\Windows_NT.x64.Debug\Loader\AssemblyLoadContext30Extensions\Loader.AssemblyLoadContext30Extensions.XUnitWrapper.dll;J:\lang\net\runtime\artifacts\tests\coreclr\Windows_NT.x64.Debug\Loader\binding\Loader.binding.XUnitWrapper.dll;J:\lang\net\runtime\artifacts\tests\coreclr\Windows_NT.x64.Debug\Loader\classloader\Loader.classloader.XUnitWrapper.dll;J:\lang\net\runtime\artifacts\tests\coreclr\Windows_NT.x64.Debug\Loader\CollectibleAssemblies\Loader.CollectibleAssemblies.XUnitWrapper.dll;J:\lang\net\runtime\artifacts\tests\coreclr\Windows_NT.x64.Debug\Loader\ContextualReflection\Loader.ContextualReflection.XUnitWrapper.dll;J:\lang\net\runtime\artifacts\tests\coreclr\Windows_NT.x64.Debug\Loader\regressions\Loader.regressions.XUnitWrapper.dll;J:\lang\net\runtime\artifacts\tests\coreclr\Windows_NT.x64.Debug\managed\Compilation\managed.Compilation.XUnitWrapper.dll;J:\lang\net\runtime\artifacts\tests\coreclr\Windows_NT.x64.Debug\profiler\elt\profiler.elt.XUnitWrapper.dll;J:\lang\net\runtime\artifacts\tests\coreclr\Windows_NT.x64.Debug\profiler\eventpipe\profiler.eventpipe.XUnitWrapper.dll;J:\lang\net\runtime\artifacts\tests\coreclr\Windows_NT.x64.Debug\profiler\gc\profiler.gc.XUnitWrapper.dll;J:\lang\net\runtime\artifacts\tests\coreclr\Windows_NT.x64.Debug\profiler\rejit\profiler.rejit.XUnitWrapper.dll;J:\lang\net\runtime\artifacts\tests\coreclr\Windows_NT.x64.Debug\profiler\unittest\profiler.unittest.XUnitWrapper.dll;J:\lang\net\runtime\artifacts\tests\coreclr\Windows_NT.x64.Debug\readytorun\coreroot_determinism\readytorun.coreroot_determinism.XUnitWrapper.dll;J:\lang\net\runtime\artifacts\tests\coreclr\Windows_NT.x64.Debug\readytorun\crossgen2\readytorun.crossgen2.XUnitWrapper.dll;J:\lang\net\runtime\artifacts\tests\coreclr\Windows_NT.x64.Debug\readytorun\determinism\readytorun.determinism.XUnitWrapper.dll;J:\lang\net\runtime\artifacts\tests\coreclr\Windows_NT.x64.Debug\readytorun\DynamicMethodGCStress\readytorun.DynamicMethodGCStress.XUnitWrapper.dll;J:\lang\net\runtime\artifacts\tests\coreclr\Windows_NT.x64.Debug\readytorun\multifolder\readytorun.multifolder.XUnitWrapper.dll;J:\lang\net\runtime\artifacts\tests\coreclr\Windows_NT.x64.Debug\readytorun\r2rdump\readytorun.r2rdump.XUnitWrapper.dll;J:\lang\net\runtime\artifacts\tests\coreclr\Windows_NT.x64.Debug\readytorun\tests\readytorun.tests.XUnitWrapper.dll;J:\lang\net\runtime\artifacts\tests\coreclr\Windows_NT.x64.Debug\reflection\DefaultInterfaceMethods\reflection.DefaultInterfaceMethods.XUnitWrapper.dll;J:\lang\net\runtime\artifacts\tests\coreclr\Windows_NT.x64.Debug\reflection\Modifiers\reflection.Modifiers.XUnitWrapper.dll;J:\lang\net\runtime\artifacts\tests\coreclr\Windows_NT.x64.Debug\reflection\SetValue\reflection.SetValue.XUnitWrapper.dll;J:\lang\net\runtime\artifacts\tests\coreclr\Windows_NT.x64.Debug\reflection\StaticInterfaceMembers\reflection.StaticInterfaceMembers.XUnitWrapper.dll;J:\lang\net\runtime\artifacts\tests\coreclr\Windows_NT.x64.Debug\Regressions\coreclr\Regressions.coreclr.XUnitWrapper.dll;J:\lang\net\runtime\artifacts\tests\coreclr\Windows_NT.x64.Debug\tracing\eventactivityidcontrol\tracing.eventactivityidcontrol.XUnitWrapper.dll;J:\lang\net\runtime\artifacts\tests\coreclr\Windows_NT.x64.Debug\tracing\eventcounter\tracing.eventcounter.XUnitWrapper.dll;J:\lang\net\runtime\artifacts\tests\coreclr\Windows_NT.x64.Debug\tracing\eventlistener\tracing.eventlistener.XUnitWrapper.dll;J:\lang\net\runtime\artifacts\tests\coreclr\Windows_NT.x64.Debug\tracing\eventpipe\tracing.eventpipe.XUnitWrapper.dll;J:\lang\net\runtime\artifacts\tests\coreclr\Windows_NT.x64.Debug\tracing\eventsource\tracing.eventsource.XUnitWrapper.dll;J:\lang\net\runtime\artifacts\tests\coreclr\Windows_NT.x64.Debug\tracing\regress\tracing.regress.XUnitWrapper.dll;J:\lang\net\runtime\artifacts\tests\coreclr\Windows_NT.x64.Debug\tracing\tracecontrol\tracing.tracecontrol.XUnitWrapper.dll;J:\lang\net\runtime\artifacts\tests\coreclr\Windows_NT.x64.Debug\tracing\tracevalidation\tracing.tracevalidation.XUnitWrapper.dll
         _SkipTestAssemblies= 
       RunTests:
         J:\lang\net\runtime\artifacts\tests\coreclr\Windows_NT.x64.Debug\Tests\Core_Root\corerun.exe J:\lang\net\runtime\artifacts\tests\coreclr\Windows_NT.x64.Debug\Tests\Core_Root\xunit.console.dll .\baseservices\callconvs\baseservices.callconvs.XUnitWrapper.dll .\baseservices\compilerservices\baseservices.compilerservices.XUnitWrapper.dll .\baseservices\exceptions\baseservices.exceptions.XUnitWrapper.dll .\baseservices\mono\baseservices.mono.XUnitWrapper.dll .\baseservices\threading\baseservices.threading.XUnitWrapper.dll .\baseservices\TieredCompilation\baseservices.TieredCompilation.XUnitWrapper.dll .\baseservices\typeequivalence\baseservices.typeequivalence.XUnitWrapper.dll .\baseservices\varargs\baseservices.varargs.XUnitWrapper.dll .\CoreMangLib\system\CoreMangLib.system.XUnitWrapper.dll .\Exceptions\ForeignThread\Exceptions.ForeignThread.XUnitWrapper.dll .\GC\API\GC.API.XUnitWrapper.dll .\GC\Coverage\GC.Coverage.XUnitWrapper.dll .\GC\Features\GC.Features.XUnitWrapper.dll .\GC\LargeMemory\GC.LargeMemory.XUnitWrapper.dll .\GC\Regressions\GC.Regressions.XUnitWrapper.dll .\GC\Scenarios\GC.Scenarios.XUnitWrapper.dll .\GC\Stress\GC.Stress.XUnitWrapper.dll .\ilasm\PortablePdb\ilasm.PortablePdb.XUnitWrapper.dll .\ilasm\System\ilasm.System.XUnitWrapper.dll .\Interop\ArrayMarshalling\Interop.ArrayMarshalling.XUnitWrapper.dll .\Interop\COM\Interop.COM.XUnitWrapper.dll .\Interop\DllImportAttribute\Interop.DllImportAttribute.XUnitWrapper.dll .\Interop\ExecInDefAppDom\Interop.ExecInDefAppDom.XUnitWrapper.dll .\Interop\ICastable\Interop.ICastable.XUnitWrapper.dll .\Interop\ICustomMarshaler\Interop.ICustomMarshaler.XUnitWrapper.dll .\Interop\IDynamicInterfaceCastable\Interop.IDynamicInterfaceCastable.XUnitWrapper.dll .\Interop\IJW\Interop.IJW.XUnitWrapper.dll .\Interop\LayoutClass\Interop.LayoutClass.XUnitWrapper.dll .\Interop\MarshalAPI\Interop.MarshalAPI.XUnitWrapper.dll .\Interop\NativeLibrary\Interop.NativeLibrary.XUnitWrapper.dll .\Interop\PInvoke\Interop.PInvoke.XUnitWrapper.dll .\Interop\StringMarshalling\Interop.StringMarshalling.XUnitWrapper.dll .\Interop\StructMarshalling\Interop.StructMarshalling.XUnitWrapper.dll .\Interop\StructPacking\Interop.StructPacking.XUnitWrapper.dll .\Interop\UnmanagedCallersOnly\Interop.UnmanagedCallersOnly.XUnitWrapper.dll .\Interop\WinRT\Interop.WinRT.XUnitWrapper.dll .\JIT\CheckProjects\JIT.CheckProjects.XUnitWrapper.dll .\JIT\CodeGenBringUpTests\JIT.CodeGenBringUpTests.XUnitWrapper.dll .\JIT\Directed\JIT.Directed.XUnitWrapper.dll .\JIT\Generics\JIT.Generics.XUnitWrapper.dll .\JIT\HardwareIntrinsics\JIT.HardwareIntrinsics.XUnitWrapper.dll .\JIT\IL_Conformance\JIT.IL_Conformance.XUnitWrapper.dll .\JIT\Intrinsics\JIT.Intrinsics.XUnitWrapper.dll .\JIT\jit64\JIT.jit64.XUnitWrapper.dll .\JIT\Methodical\JIT.Methodical.XUnitWrapper.dll .\JIT\opt\JIT.opt.XUnitWrapper.dll .\JIT\Performance\JIT.Performance.XUnitWrapper.dll .\JIT\Regression\JIT.Regression.XUnitWrapper.dll .\JIT\RyuJIT\JIT.RyuJIT.XUnitWrapper.dll .\JIT\SIMD\JIT.SIMD.XUnitWrapper.dll .\JIT\Stress\JIT.Stress.XUnitWrapper.dll .\JIT\superpmi\JIT.superpmi.XUnitWrapper.dll .\Loader\AssemblyDependencyResolver\Loader.AssemblyDependencyResolver.XUnitWrapper.dll .\Loader\AssemblyLoadContext30Extensions\Loader.AssemblyLoadContext30Extensions.XUnitWrapper.dll .\Loader\binding\Loader.binding.XUnitWrapper.dll .\Loader\classloader\Loader.classloader.XUnitWrapper.dll .\Loader\CollectibleAssemblies\Loader.CollectibleAssemblies.XUnitWrapper.dll .\Loader\ContextualReflection\Loader.ContextualReflection.XUnitWrapper.dll .\Loader\regressions\Loader.regressions.XUnitWrapper.dll .\managed\Compilation\managed.Compilation.XUnitWrapper.dll .\profiler\elt\profiler.elt.XUnitWrapper.dll .\profiler\eventpipe\profiler.eventpipe.XUnitWrapper.dll .\profiler\gc\profiler.gc.XUnitWrapper.dll .\profiler\rejit\profiler.rejit.XUnitWrapper.dll .\profiler\unittest\profiler.unittest.XUnitWrapper.dll .\readytorun\coreroot_determinism\readytorun.coreroot_determinism.XUnitWrapper.dll .\readytorun\crossgen2\readytorun.crossgen2.XUnitWrapper.dll .\readytorun\determinism\readytorun.determinism.XUnitWrapper.dll .\readytorun\DynamicMethodGCStress\readytorun.DynamicMethodGCStress.XUnitWrapper.dll .\readytorun\multifolder\readytorun.multifolder.XUnitWrapper.dll .\readytorun\r2rdump\readytorun.r2rdump.XUnitWrapper.dll .\readytorun\tests\readytorun.tests.XUnitWrapper.dll .\reflection\DefaultInterfaceMethods\reflection.DefaultInterfaceMethods.XUnitWrapper.dll .\reflection\Modifiers\reflection.Modifiers.XUnitWrapper.dll .\reflection\SetValue\reflection.SetValue.XUnitWrapper.dll .\reflection\StaticInterfaceMembers\reflection.StaticInterfaceMembers.XUnitWrapper.dll .\Regressions\coreclr\Regressions.coreclr.XUnitWrapper.dll .\tracing\eventactivityidcontrol\tracing.eventactivityidcontrol.XUnitWrapper.dll .\tracing\eventcounter\tracing.eventcounter.XUnitWrapper.dll .\tracing\eventlistener\tracing.eventlistener.XUnitWrapper.dll .\tracing\eventpipe\tracing.eventpipe.XUnitWrapper.dll .\tracing\eventsource\tracing.eventsource.XUnitWrapper.dll .\tracing\regress\tracing.regress.XUnitWrapper.dll .\tracing\tracecontrol\tracing.tracecontrol.XUnitWrapper.dll .\tracing\tracevalidation\tracing.tracevalidation.XUnitWrapper.dll -parallel collections -html J:\lang\net\runtime\artifacts\log\TestRun.html -xml J:\lang\net\runtime\artifacts\log\TestRun.xml  -notrait category=outerloop -notrait category=failing -nocolor
         xUnit.net Console Runner v2.4.1 (64-bit .NET 6.0.0-dev)
           Discovering: baseservices.callconvs.XUnitWrapper
           Discovered:  baseservices.callconvs.XUnitWrapper
           Starting:    baseservices.callconvs.XUnitWrapper
           Finished:    baseservices.callconvs.XUnitWrapper
           Discovering: baseservices.compilerservices.XUnitWrapper
           Discovered:  baseservices.compilerservices.XUnitWrapper
           Starting:    baseservices.compilerservices.XUnitWrapper
           Finished:    baseservices.compilerservices.XUnitWrapper
           Discovering: baseservices.exceptions.XUnitWrapper
           Discovered:  baseservices.exceptions.XUnitWrapper
           Discovering: baseservices.mono.XUnitWrapper
           Discovered:  baseservices.mono.XUnitWrapper
           Discovering: baseservices.threading.XUnitWrapper
           Discovered:  baseservices.threading.XUnitWrapper
           Starting:    baseservices.threading.XUnitWrapper
           Finished:    baseservices.threading.XUnitWrapper
           Discovering: baseservices.TieredCompilation.XUnitWrapper
           Discovered:  baseservices.TieredCompilation.XUnitWrapper
           Starting:    baseservices.TieredCompilation.XUnitWrapper
           Finished:    baseservices.TieredCompilation.XUnitWrapper
           Discovering: baseservices.typeequivalence.XUnitWrapper
           Discovered:  baseservices.typeequivalence.XUnitWrapper
           Starting:    baseservices.typeequivalence.XUnitWrapper
           Finished:    baseservices.typeequivalence.XUnitWrapper
           Discovering: baseservices.varargs.XUnitWrapper
           Discovered:  baseservices.varargs.XUnitWrapper
           Discovering: CoreMangLib.system.XUnitWrapper
           Discovered:  CoreMangLib.system.XUnitWrapper
           Starting:    CoreMangLib.system.XUnitWrapper
           Finished:    CoreMangLib.system.XUnitWrapper
           Discovering: Exceptions.ForeignThread.XUnitWrapper
           Discovered:  Exceptions.ForeignThread.XUnitWrapper
           Starting:    Exceptions.ForeignThread.XUnitWrapper
           Finished:    Exceptions.ForeignThread.XUnitWrapper
           Discovering: GC.API.XUnitWrapper
           Discovered:  GC.API.XUnitWrapper
           Starting:    GC.API.XUnitWrapper
           Finished:    GC.API.XUnitWrapper
           Discovering: GC.Coverage.XUnitWrapper
           Discovered:  GC.Coverage.XUnitWrapper
           Starting:    GC.Coverage.XUnitWrapper
           Finished:    GC.Coverage.XUnitWrapper
           Discovering: GC.Features.XUnitWrapper
           Discovered:  GC.Features.XUnitWrapper
           Starting:    GC.Features.XUnitWrapper
           Finished:    GC.Features.XUnitWrapper
           Discovering: GC.LargeMemory.XUnitWrapper
           Discovered:  GC.LargeMemory.XUnitWrapper
           Starting:    GC.LargeMemory.XUnitWrapper
           Finished:    GC.LargeMemory.XUnitWrapper
           Discovering: GC.Regressions.XUnitWrapper
           Discovered:  GC.Regressions.XUnitWrapper
           Starting:    GC.Regressions.XUnitWrapper
           Finished:    GC.Regressions.XUnitWrapper
           Discovering: GC.Scenarios.XUnitWrapper
           Discovered:  GC.Scenarios.XUnitWrapper
           Starting:    GC.Scenarios.XUnitWrapper
           Finished:    GC.Scenarios.XUnitWrapper
           Discovering: GC.Stress.XUnitWrapper
           Discovered:  GC.Stress.XUnitWrapper
           Starting:    GC.Stress.XUnitWrapper
           Finished:    GC.Stress.XUnitWrapper
           Discovering: ilasm.PortablePdb.XUnitWrapper
           Discovered:  ilasm.PortablePdb.XUnitWrapper
           Starting:    ilasm.PortablePdb.XUnitWrapper
           Finished:    ilasm.PortablePdb.XUnitWrapper
           Discovering: ilasm.System.XUnitWrapper
           Discovered:  ilasm.System.XUnitWrapper
           Starting:    ilasm.System.XUnitWrapper
           Finished:    ilasm.System.XUnitWrapper
           Discovering: Interop.ArrayMarshalling.XUnitWrapper
           Discovered:  Interop.ArrayMarshalling.XUnitWrapper
           Starting:    Interop.ArrayMarshalling.XUnitWrapper
           Finished:    Interop.ArrayMarshalling.XUnitWrapper
           Discovering: Interop.COM.XUnitWrapper
           Discovered:  Interop.COM.XUnitWrapper
           Starting:    Interop.COM.XUnitWrapper
           Finished:    Interop.COM.XUnitWrapper
           Discovering: Interop.DllImportAttribute.XUnitWrapper
           Discovered:  Interop.DllImportAttribute.XUnitWrapper
           Starting:    Interop.DllImportAttribute.XUnitWrapper
           Finished:    Interop.DllImportAttribute.XUnitWrapper
           Discovering: Interop.ExecInDefAppDom.XUnitWrapper
           Discovered:  Interop.ExecInDefAppDom.XUnitWrapper
           Starting:    Interop.ExecInDefAppDom.XUnitWrapper
           Finished:    Interop.ExecInDefAppDom.XUnitWrapper
           Discovering: Interop.ICastable.XUnitWrapper
           Discovered:  Interop.ICastable.XUnitWrapper
           Starting:    Interop.ICastable.XUnitWrapper
           Finished:    Interop.ICastable.XUnitWrapper
           Discovering: Interop.ICustomMarshaler.XUnitWrapper
           Discovered:  Interop.ICustomMarshaler.XUnitWrapper
           Starting:    Interop.ICustomMarshaler.XUnitWrapper
           Finished:    Interop.ICustomMarshaler.XUnitWrapper
           Discovering: Interop.IDynamicInterfaceCastable.XUnitWrapper
           Discovered:  Interop.IDynamicInterfaceCastable.XUnitWrapper
           Starting:    Interop.IDynamicInterfaceCastable.XUnitWrapper
           Finished:    Interop.IDynamicInterfaceCastable.XUnitWrapper
           Discovering: Interop.IJW.XUnitWrapper
           Discovered:  Interop.IJW.XUnitWrapper
           Starting:    Interop.IJW.XUnitWrapper
           Finished:    Interop.IJW.XUnitWrapper
           Discovering: Interop.LayoutClass.XUnitWrapper
           Discovered:  Interop.LayoutClass.XUnitWrapper
           Starting:    Interop.LayoutClass.XUnitWrapper
           Finished:    Interop.LayoutClass.XUnitWrapper
           Discovering: Interop.MarshalAPI.XUnitWrapper
           Discovered:  Interop.MarshalAPI.XUnitWrapper
           Starting:    Interop.MarshalAPI.XUnitWrapper
           Finished:    Interop.MarshalAPI.XUnitWrapper
           Discovering: Interop.NativeLibrary.XUnitWrapper
           Discovered:  Interop.NativeLibrary.XUnitWrapper
           Starting:    Interop.NativeLibrary.XUnitWrapper
           Finished:    Interop.NativeLibrary.XUnitWrapper
           Discovering: Interop.PInvoke.XUnitWrapper
           Discovered:  Interop.PInvoke.XUnitWrapper
           Starting:    Interop.PInvoke.XUnitWrapper
           Finished:    Interop.PInvoke.XUnitWrapper
           Discovering: Interop.StringMarshalling.XUnitWrapper
           Discovered:  Interop.StringMarshalling.XUnitWrapper
           Starting:    Interop.StringMarshalling.XUnitWrapper
           Finished:    Interop.StringMarshalling.XUnitWrapper
           Discovering: Interop.StructMarshalling.XUnitWrapper
           Discovered:  Interop.StructMarshalling.XUnitWrapper
           Starting:    Interop.StructMarshalling.XUnitWrapper
           Finished:    Interop.StructMarshalling.XUnitWrapper
           Discovering: Interop.StructPacking.XUnitWrapper
           Discovered:  Interop.StructPacking.XUnitWrapper
           Starting:    Interop.StructPacking.XUnitWrapper
           Finished:    Interop.StructPacking.XUnitWrapper
           Discovering: Interop.UnmanagedCallersOnly.XUnitWrapper
           Discovered:  Interop.UnmanagedCallersOnly.XUnitWrapper
           Starting:    Interop.UnmanagedCallersOnly.XUnitWrapper
           Finished:    Interop.UnmanagedCallersOnly.XUnitWrapper
           Discovering: Interop.WinRT.XUnitWrapper
           Discovered:  Interop.WinRT.XUnitWrapper
           Starting:    Interop.WinRT.XUnitWrapper
           Finished:    Interop.WinRT.XUnitWrapper
           Discovering: JIT.CheckProjects.XUnitWrapper
           Discovered:  JIT.CheckProjects.XUnitWrapper
           Starting:    JIT.CheckProjects.XUnitWrapper
           Finished:    JIT.CheckProjects.XUnitWrapper
           Discovering: JIT.CodeGenBringUpTests.XUnitWrapper
           Discovered:  JIT.CodeGenBringUpTests.XUnitWrapper
           Starting:    JIT.CodeGenBringUpTests.XUnitWrapper
           Finished:    JIT.CodeGenBringUpTests.XUnitWrapper
           Discovering: JIT.Directed.XUnitWrapper
           Discovered:  JIT.Directed.XUnitWrapper
           Starting:    JIT.Directed.XUnitWrapper
             JIT\Directed\tailcall\mutual_recursion\mutual_recursion.cmd [FAIL]
               Stack overflow.
               Repeat 10617 times:
               --------------------------------
                  at Mutual_recursion.sixthMethodSecondCallee@216(Int32, Point2D, Point2D, Point2D, Point2D)
               --------------------------------
                  at Mutual_recursion.sixth()
                  at Mutual_recursion.runMethod@500(Int32, Microsoft.FSharp.Core.FSharpFunc`2<Microsoft.FSharp.Core.Unit,Int32>)
                  at Mutual_recursion.runMethodWithTiming@511(System.String, Boolean, Int32, Microsoft.FSharp.Core.FSharpFunc`2<Microsoft.FSharp.Core.Unit,Int32>)
                  at Mutual_recursion+Driver.Start()
                  at Mutual_recursion.main(System.String[])
               
               Return code:      1
               Raw output file:      J:\lang\net\artifacts\tests\coreclr\Windows_NT.x64.Debug\Reports\JIT.Directed\tailcall\mutual_recursion\mutual_recursion.output.txt
               Raw output:
               BEGIN EXECUTION
               
               J:\lang\net\runtime\artifacts\tests\coreclr\Windows_NT.x64.Debug\JIT\Directed\tailcall\mutual_recursion>set COMPLUS_JITDIFFABLEDASM=1 
               
               J:\lang\net\runtime\artifacts\tests\coreclr\Windows_NT.x64.Debug\JIT\Directed\tailcall\mutual_recursion>set COMPLUS_TIEREDCOMPILATION=0 
                "J:\lang\net\runtime\artifacts\tests\coreclr\Windows_NT.x64.Debug\Tests\Core_Root\corerun.exe" mutual_recursion.dll 
               [FirstMethod] - 1194.962300ms
               [SecondMethod] - 88.484100ms
               [ThirdMethod] - 111.636100ms
               [FourthMethod] - 189.941500ms
               [FifthMethod] - 167.686400ms
               Expected: 100
               Actual: -1073741571
               END EXECUTION - FAILED
               FAILED
               Test Harness Exitcode is : 1
               To run the test:
               > set CORE_ROOT=J:\lang\net\runtime\artifacts\tests\coreclr\Windows_NT.x64.Debug\Tests\Core_Root
               > J:\lang\net\runtime\artifacts\tests\coreclr\Windows_NT.x64.Debug\JIT\Directed\tailcall\mutual_recursion\mutual_recursion.cmd
               Expected: True
               Actual:   False
               Stack Trace:
                 J:\lang\net\runtime\artifacts\tests\coreclr\Windows_NT.x64.Debug\TestWrappers\JIT.Directed\JIT.Directed.XUnitWrapper.cs(11780,0): at JIT_Directed._tailcall_mutual_recursion_mutual_recursion_._tailcall_mutual_recursion_mutual_recursion_cmd()
               Output:
                 Stack overflow.
                 Repeat 10617 times:
                 --------------------------------
                    at Mutual_recursion.sixthMethodSecondCallee@216(Int32, Point2D, Point2D, Point2D, Point2D)
                 --------------------------------
                    at Mutual_recursion.sixth()
                    at Mutual_recursion.runMethod@500(Int32, Microsoft.FSharp.Core.FSharpFunc`2<Microsoft.FSharp.Core.Unit,Int32>)
                    at Mutual_recursion.runMethodWithTiming@511(System.String, Boolean, Int32, Microsoft.FSharp.Core.FSharpFunc`2<Microsoft.FSharp.Core.Unit,Int32>)
                    at Mutual_recursion+Driver.Start()
                    at Mutual_recursion.main(System.String[])
                 
                 Return code:      1
                 Raw output file:      J:\lang\net\artifacts\tests\coreclr\Windows_NT.x64.Debug\Reports\JIT.Directed\tailcall\mutual_recursion\mutual_recursion.output.txt
                 Raw output:
                 BEGIN EXECUTION
                 
                 J:\lang\net\runtime\artifacts\tests\coreclr\Windows_NT.x64.Debug\JIT\Directed\tailcall\mutual_recursion>set COMPLUS_JITDIFFABLEDASM=1 
                 
                 J:\lang\net\runtime\artifacts\tests\coreclr\Windows_NT.x64.Debug\JIT\Directed\tailcall\mutual_recursion>set COMPLUS_TIEREDCOMPILATION=0 
                  "J:\lang\net\runtime\artifacts\tests\coreclr\Windows_NT.x64.Debug\Tests\Core_Root\corerun.exe" mutual_recursion.dll 
                 [FirstMethod] - 1194.962300ms
                 [SecondMethod] - 88.484100ms
                 [ThirdMethod] - 111.636100ms
                 [FourthMethod] - 189.941500ms
                 [FifthMethod] - 167.686400ms
                 Expected: 100
                 Actual: -1073741571
                 END EXECUTION - FAILED
                 FAILED
                 Test Harness Exitcode is : 1
                 To run the test:
                 > set CORE_ROOT=J:\lang\net\runtime\artifacts\tests\coreclr\Windows_NT.x64.Debug\Tests\Core_Root
                 > J:\lang\net\runtime\artifacts\tests\coreclr\Windows_NT.x64.Debug\JIT\Directed\tailcall\mutual_recursion\mutual_recursion.cmd
           Finished:    JIT.Directed.XUnitWrapper
           Discovering: JIT.Generics.XUnitWrapper
           Discovered:  JIT.Generics.XUnitWrapper
           Starting:    JIT.Generics.XUnitWrapper
           Finished:    JIT.Generics.XUnitWrapper
           Discovering: JIT.HardwareIntrinsics.XUnitWrapper
           Discovered:  JIT.HardwareIntrinsics.XUnitWrapper
           Starting:    JIT.HardwareIntrinsics.XUnitWrapper
           Finished:    JIT.HardwareIntrinsics.XUnitWrapper
           Discovering: JIT.IL_Conformance.XUnitWrapper
           Discovered:  JIT.IL_Conformance.XUnitWrapper
           Starting:    JIT.IL_Conformance.XUnitWrapper
           Finished:    JIT.IL_Conformance.XUnitWrapper
           Discovering: JIT.Intrinsics.XUnitWrapper
           Discovered:  JIT.Intrinsics.XUnitWrapper
           Starting:    JIT.Intrinsics.XUnitWrapper
           Finished:    JIT.Intrinsics.XUnitWrapper
           Discovering: JIT.jit64.XUnitWrapper
           Discovered:  JIT.jit64.XUnitWrapper
           Starting:    JIT.jit64.XUnitWrapper
           Finished:    JIT.jit64.XUnitWrapper
           Discovering: JIT.Methodical.XUnitWrapper
           Discovered:  JIT.Methodical.XUnitWrapper
           Starting:    JIT.Methodical.XUnitWrapper
           Finished:    JIT.Methodical.XUnitWrapper
           Discovering: JIT.opt.XUnitWrapper
           Discovered:  JIT.opt.XUnitWrapper
           Starting:    JIT.opt.XUnitWrapper
           Finished:    JIT.opt.XUnitWrapper
           Discovering: JIT.Performance.XUnitWrapper
           Discovered:  JIT.Performance.XUnitWrapper
           Starting:    JIT.Performance.XUnitWrapper
             JIT\Performance\CodeQuality\BenchmarksGame\reverse-complement\reverse-complement-6\reverse-complement-6.cmd [FAIL]
               Unhandled exception. System.NotSupportedException: Memory stream is not expandable.
                  at System.IO.MemoryStream.set_Capacity(Int32 value)
                  at System.IO.MemoryStream.EnsureCapacity(Int32 value)
                  at System.IO.MemoryStream.Write(Byte[] buffer, Int32 offset, Int32 count)
                  at BenchmarksGame.ReverseComplement_6.Writer() in J:\lang\net\runtime\src\tests\JIT\Performance\CodeQuality\BenchmarksGame\reverse-complement\reverse-complement-6.cs:line 229
                  at BenchmarksGame.ReverseComplement_6.Main(String[] args) in J:\lang\net\runtime\src\tests\JIT\Performance\CodeQuality\BenchmarksGame\reverse-complement\reverse-complement-6.cs:line 241
               
               Return code:      1
               Raw output file:      J:\lang\net\artifacts\tests\coreclr\Windows_NT.x64.Debug\Reports\JIT.Performance\CodeQuality\BenchmarksGame\reverse-complement\reverse-complement-6\reverse-complement-6.output.txt
               Raw output:
               BEGIN EXECUTION
               
               J:\lang\net\runtime\artifacts\tests\coreclr\Windows_NT.x64.Debug\JIT\Performance\CodeQuality\BenchmarksGame\reverse-complement\reverse-complement-6>set COMPLUS_JITDIFFABLEDASM=1 
               
               J:\lang\net\runtime\artifacts\tests\coreclr\Windows_NT.x64.Debug\JIT\Performance\CodeQuality\BenchmarksGame\reverse-complement\reverse-complement-6>set COMPLUS_TIEREDCOMPILATION=0 
                "J:\lang\net\runtime\artifacts\tests\coreclr\Windows_NT.x64.Debug\Tests\Core_Root\corerun.exe" reverse-complement-6.dll 
               Expected: 100
               Actual: -532462766
               END EXECUTION - FAILED
               FAILED
               Test Harness Exitcode is : 1
               To run the test:
               > set CORE_ROOT=J:\lang\net\runtime\artifacts\tests\coreclr\Windows_NT.x64.Debug\Tests\Core_Root
               > J:\lang\net\runtime\artifacts\tests\coreclr\Windows_NT.x64.Debug\JIT\Performance\CodeQuality\BenchmarksGame\reverse-complement\reverse-complement-6\reverse-complement-6.cmd
               Expected: True
               Actual:   False
               Stack Trace:
                 J:\lang\net\runtime\artifacts\tests\coreclr\Windows_NT.x64.Debug\TestWrappers\JIT.Performance\JIT.Performance.XUnitWrapper.cs(1595,0): at JIT_Performance._CodeQuality_BenchmarksGame_reverse_complement_reverse_complement_6_reverse_complement_6_._CodeQuality_BenchmarksGame_reverse_complement_reverse_complement_6_reverse_complement_6_cmd()
               Output:
                 Unhandled exception. System.NotSupportedException: Memory stream is not expandable.
                    at System.IO.MemoryStream.set_Capacity(Int32 value)
                    at System.IO.MemoryStream.EnsureCapacity(Int32 value)
                    at System.IO.MemoryStream.Write(Byte[] buffer, Int32 offset, Int32 count)
                    at BenchmarksGame.ReverseComplement_6.Writer() in J:\lang\net\runtime\src\tests\JIT\Performance\CodeQuality\BenchmarksGame\reverse-complement\reverse-complement-6.cs:line 229
                    at BenchmarksGame.ReverseComplement_6.Main(String[] args) in J:\lang\net\runtime\src\tests\JIT\Performance\CodeQuality\BenchmarksGame\reverse-complement\reverse-complement-6.cs:line 241
                 
                 Return code:      1
                 Raw output file:      J:\lang\net\artifacts\tests\coreclr\Windows_NT.x64.Debug\Reports\JIT.Performance\CodeQuality\BenchmarksGame\reverse-complement\reverse-complement-6\reverse-complement-6.output.txt
                 Raw output:
                 BEGIN EXECUTION
                 
                 J:\lang\net\runtime\artifacts\tests\coreclr\Windows_NT.x64.Debug\JIT\Performance\CodeQuality\BenchmarksGame\reverse-complement\reverse-complement-6>set COMPLUS_JITDIFFABLEDASM=1 
                 
                 J:\lang\net\runtime\artifacts\tests\coreclr\Windows_NT.x64.Debug\JIT\Performance\CodeQuality\BenchmarksGame\reverse-complement\reverse-complement-6>set COMPLUS_TIEREDCOMPILATION=0 
                  "J:\lang\net\runtime\artifacts\tests\coreclr\Windows_NT.x64.Debug\Tests\Core_Root\corerun.exe" reverse-complement-6.dll 
                 Expected: 100
                 Actual: -532462766
                 END EXECUTION - FAILED
                 FAILED
                 Test Harness Exitcode is : 1
                 To run the test:
                 > set CORE_ROOT=J:\lang\net\runtime\artifacts\tests\coreclr\Windows_NT.x64.Debug\Tests\Core_Root
                 > J:\lang\net\runtime\artifacts\tests\coreclr\Windows_NT.x64.Debug\JIT\Performance\CodeQuality\BenchmarksGame\reverse-complement\reverse-complement-6\reverse-complement-6.cmd
             JIT\Performance\CodeQuality\BenchmarksGame\regex-redux\regex-redux-1\regex-redux-1.cmd [FAIL]
               
               Return code:      1
               Raw output file:      J:\lang\net\artifacts\tests\coreclr\Windows_NT.x64.Debug\Reports\JIT.Performance\CodeQuality\BenchmarksGame\regex-redux\regex-redux-1\regex-redux-1.output.txt
               Raw output:
               BEGIN EXECUTION
               
               J:\lang\net\runtime\artifacts\tests\coreclr\Windows_NT.x64.Debug\JIT\Performance\CodeQuality\BenchmarksGame\regex-redux\regex-redux-1>set COMPLUS_JITDIFFABLEDASM=1 
               
               J:\lang\net\runtime\artifacts\tests\coreclr\Windows_NT.x64.Debug\JIT\Performance\CodeQuality\BenchmarksGame\regex-redux\regex-redux-1>set COMPLUS_TIEREDCOMPILATION=0 
                "J:\lang\net\runtime\artifacts\tests\coreclr\Windows_NT.x64.Debug\Tests\Core_Root\corerun.exe" regex-redux-1.dll 
               agggtaaa|tttaccct 1
               [cgt]gggtaaa|tttaccc[acg] 0
               a[act]ggtaaa|tttacc[agt]t 0
               ag[act]gtaaa|tttac[agt]ct 0
               agg[act]taaa|ttta[agt]cct 0
               aggg[acg]aaa|ttt[cgt]ccct 1
               agggt[cgt]aa|tt[acg]accct 0
               agggta[cgt]a|t[acg]taccct 0
               agggtaa[cgt]|[acg]ttaccct 0
               
               342
               256
               157
               Expected: 100
               Actual: -1
               END EXECUTION - FAILED
               FAILED
               Test Harness Exitcode is : 1
               To run the test:
               > set CORE_ROOT=J:\lang\net\runtime\artifacts\tests\coreclr\Windows_NT.x64.Debug\Tests\Core_Root
               > J:\lang\net\runtime\artifacts\tests\coreclr\Windows_NT.x64.Debug\JIT\Performance\CodeQuality\BenchmarksGame\regex-redux\regex-redux-1\regex-redux-1.cmd
               Expected: True
               Actual:   False
               Stack Trace:
                 J:\lang\net\runtime\artifacts\tests\coreclr\Windows_NT.x64.Debug\TestWrappers\JIT.Performance\JIT.Performance.XUnitWrapper.cs(1304,0): at JIT_Performance._CodeQuality_BenchmarksGame_regex_redux_regex_redux_1_regex_redux_1_._CodeQuality_BenchmarksGame_regex_redux_regex_redux_1_regex_redux_1_cmd()
               Output:
                 
                 Return code:      1
                 Raw output file:      J:\lang\net\artifacts\tests\coreclr\Windows_NT.x64.Debug\Reports\JIT.Performance\CodeQuality\BenchmarksGame\regex-redux\regex-redux-1\regex-redux-1.output.txt
                 Raw output:
                 BEGIN EXECUTION
                 
                 J:\lang\net\runtime\artifacts\tests\coreclr\Windows_NT.x64.Debug\JIT\Performance\CodeQuality\BenchmarksGame\regex-redux\regex-redux-1>set COMPLUS_JITDIFFABLEDASM=1 
                 
                 J:\lang\net\runtime\artifacts\tests\coreclr\Windows_NT.x64.Debug\JIT\Performance\CodeQuality\BenchmarksGame\regex-redux\regex-redux-1>set COMPLUS_TIEREDCOMPILATION=0 
                  "J:\lang\net\runtime\artifacts\tests\coreclr\Windows_NT.x64.Debug\Tests\Core_Root\corerun.exe" regex-redux-1.dll 
                 agggtaaa|tttaccct 1
                 [cgt]gggtaaa|tttaccc[acg] 0
                 a[act]ggtaaa|tttacc[agt]t 0
                 ag[act]gtaaa|tttac[agt]ct 0
                 agg[act]taaa|ttta[agt]cct 0
                 aggg[acg]aaa|ttt[cgt]ccct 1
                 agggt[cgt]aa|tt[acg]accct 0
                 agggta[cgt]a|t[acg]taccct 0
                 agggtaa[cgt]|[acg]ttaccct 0
                 
                 342
                 256
                 157
                 Expected: 100
                 Actual: -1
                 END EXECUTION - FAILED
                 FAILED
                 Test Harness Exitcode is : 1
                 To run the test:
                 > set CORE_ROOT=J:\lang\net\runtime\artifacts\tests\coreclr\Windows_NT.x64.Debug\Tests\Core_Root
                 > J:\lang\net\runtime\artifacts\tests\coreclr\Windows_NT.x64.Debug\JIT\Performance\CodeQuality\BenchmarksGame\regex-redux\regex-redux-1\regex-redux-1.cmd
             JIT\Performance\CodeQuality\BenchmarksGame\k-nucleotide\k-nucleotide-9\k-nucleotide-9.cmd [FAIL]
               
               Return code:      1
               Raw output file:      J:\lang\net\artifacts\tests\coreclr\Windows_NT.x64.Debug\Reports\JIT.Performance\CodeQuality\BenchmarksGame\k-nucleotide\k-nucleotide-9\k-nucleotide-9.output.txt
               Raw output:
               BEGIN EXECUTION
               
               J:\lang\net\runtime\artifacts\tests\coreclr\Windows_NT.x64.Debug\JIT\Performance\CodeQuality\BenchmarksGame\k-nucleotide\k-nucleotide-9>set COMPLUS_JITDIFFABLEDASM=1 
               
               J:\lang\net\runtime\artifacts\tests\coreclr\Windows_NT.x64.Debug\JIT\Performance\CodeQuality\BenchmarksGame\k-nucleotide\k-nucleotide-9>set COMPLUS_TIEREDCOMPILATION=0 
                "J:\lang\net\runtime\artifacts\tests\coreclr\Windows_NT.x64.Debug\Tests\Core_Root\corerun.exe" k-nucleotide-9.dll 
               T 30.999
               A 30.763
               C 19.158
               G 19.079
               
               AT 10.053
               TA 9.640
               TT 9.266
               AA 9.069
               GA 6.394
               TC 6.079
               AG 6.059
               TG 6.020
               GT 5.863
               CT 5.823
               CA 5.646
               AC 5.568
               CC 3.895
               CG 3.797
               GC 3.620
               GG 3.207
               
               52GGT
               25GGTA
               4GGTATT
               0GGTATTTTAATT
               0GGTATTTTAATTTATAGT
               Expected: 100
               Actual: -1
               END EXECUTION - FAILED
               FAILED
               Test Harness Exitcode is : 1
               To run the test:
               > set CORE_ROOT=J:\lang\net\runtime\artifacts\tests\coreclr\Windows_NT.x64.Debug\Tests\Core_Root
               > J:\lang\net\runtime\artifacts\tests\coreclr\Windows_NT.x64.Debug\JIT\Performance\CodeQuality\BenchmarksGame\k-nucleotide\k-nucleotide-9\k-nucleotide-9.cmd
               Expected: True
               Actual:   False
               Stack Trace:
                 J:\lang\net\runtime\artifacts\tests\coreclr\Windows_NT.x64.Debug\TestWrappers\JIT.Performance\JIT.Performance.XUnitWrapper.cs(819,0): at JIT_Performance._CodeQuality_BenchmarksGame_k_nucleotide_k_nucleotide_9_k_nucleotide_9_._CodeQuality_BenchmarksGame_k_nucleotide_k_nucleotide_9_k_nucleotide_9_cmd()
               Output:
                 
                 Return code:      1
                 Raw output file:      J:\lang\net\artifacts\tests\coreclr\Windows_NT.x64.Debug\Reports\JIT.Performance\CodeQuality\BenchmarksGame\k-nucleotide\k-nucleotide-9\k-nucleotide-9.output.txt
                 Raw output:
                 BEGIN EXECUTION
                 
                 J:\lang\net\runtime\artifacts\tests\coreclr\Windows_NT.x64.Debug\JIT\Performance\CodeQuality\BenchmarksGame\k-nucleotide\k-nucleotide-9>set COMPLUS_JITDIFFABLEDASM=1 
                 
                 J:\lang\net\runtime\artifacts\tests\coreclr\Windows_NT.x64.Debug\JIT\Performance\CodeQuality\BenchmarksGame\k-nucleotide\k-nucleotide-9>set COMPLUS_TIEREDCOMPILATION=0 
                  "J:\lang\net\runtime\artifacts\tests\coreclr\Windows_NT.x64.Debug\Tests\Core_Root\corerun.exe" k-nucleotide-9.dll 
                 T 30.999
                 A 30.763
                 C 19.158
                 G 19.079
                 
                 AT 10.053
                 TA 9.640
                 TT 9.266
                 AA 9.069
                 GA 6.394
                 TC 6.079
                 AG 6.059
                 TG 6.020
                 GT 5.863
                 CT 5.823
                 CA 5.646
                 AC 5.568
                 CC 3.895
                 CG 3.797
                 GC 3.620
                 GG 3.207
                 
                 52GGT
                 25GGTA
                 4GGTATT
                 0GGTATTTTAATT
                 0GGTATTTTAATTTATAGT
                 Expected: 100
                 Actual: -1
                 END EXECUTION - FAILED
                 FAILED
                 Test Harness Exitcode is : 1
                 To run the test:
                 > set CORE_ROOT=J:\lang\net\runtime\artifacts\tests\coreclr\Windows_NT.x64.Debug\Tests\Core_Root
                 > J:\lang\net\runtime\artifacts\tests\coreclr\Windows_NT.x64.Debug\JIT\Performance\CodeQuality\BenchmarksGame\k-nucleotide\k-nucleotide-9\k-nucleotide-9.cmd
             JIT\Performance\CodeQuality\BenchmarksGame\reverse-complement\reverse-complement-1\reverse-complement-1.cmd [FAIL]
               Unhandled exception. System.NotSupportedException: Memory stream is not expandable.
                  at System.IO.MemoryStream.set_Capacity(Int32 value)
                  at System.IO.MemoryStream.EnsureCapacity(Int32 value)
                  at System.IO.MemoryStream.Write(Byte[] buffer, Int32 offset, Int32 count)
                  at BenchmarksGame.ReverseComplement_1.Bench(Stream input, Stream output) in J:\lang\net\runtime\src\tests\JIT\Performance\CodeQuality\BenchmarksGame\reverse-complement\reverse-complement-1.cs:line 132
                  at BenchmarksGame.ReverseComplement_1.Main(String[] args) in J:\lang\net\runtime\src\tests\JIT\Performance\CodeQuality\BenchmarksGame\reverse-complement\reverse-complement-1.cs:line 58
               
               Return code:      1
               Raw output file:      J:\lang\net\artifacts\tests\coreclr\Windows_NT.x64.Debug\Reports\JIT.Performance\CodeQuality\BenchmarksGame\reverse-complement\reverse-complement-1\reverse-complement-1.output.txt
               Raw output:
               BEGIN EXECUTION
               
               J:\lang\net\runtime\artifacts\tests\coreclr\Windows_NT.x64.Debug\JIT\Performance\CodeQuality\BenchmarksGame\reverse-complement\reverse-complement-1>set COMPLUS_JITDIFFABLEDASM=1 
               
               J:\lang\net\runtime\artifacts\tests\coreclr\Windows_NT.x64.Debug\JIT\Performance\CodeQuality\BenchmarksGame\reverse-complement\reverse-complement-1>set COMPLUS_TIEREDCOMPILATION=0 
                "J:\lang\net\runtime\artifacts\tests\coreclr\Windows_NT.x64.Debug\Tests\Core_Root\corerun.exe" reverse-complement-1.dll 
               Expected: 100
               Actual: -532462766
               END EXECUTION - FAILED
               FAILED
               Test Harness Exitcode is : 1
               To run the test:
               > set CORE_ROOT=J:\lang\net\runtime\artifacts\tests\coreclr\Windows_NT.x64.Debug\Tests\Core_Root
               > J:\lang\net\runtime\artifacts\tests\coreclr\Windows_NT.x64.Debug\JIT\Performance\CodeQuality\BenchmarksGame\reverse-complement\reverse-complement-1\reverse-complement-1.cmd
               Expected: True
               Actual:   False
               Stack Trace:
                 J:\lang\net\runtime\artifacts\tests\coreclr\Windows_NT.x64.Debug\TestWrappers\JIT.Performance\JIT.Performance.XUnitWrapper.cs(1498,0): at JIT_Performance._CodeQuality_BenchmarksGame_reverse_complement_reverse_complement_1_reverse_complement_1_._CodeQuality_BenchmarksGame_reverse_complement_reverse_complement_1_reverse_complement_1_cmd()
               Output:
                 Unhandled exception. System.NotSupportedException: Memory stream is not expandable.
                    at System.IO.MemoryStream.set_Capacity(Int32 value)
                    at System.IO.MemoryStream.EnsureCapacity(Int32 value)
                    at System.IO.MemoryStream.Write(Byte[] buffer, Int32 offset, Int32 count)
                    at BenchmarksGame.ReverseComplement_1.Bench(Stream input, Stream output) in J:\lang\net\runtime\src\tests\JIT\Performance\CodeQuality\BenchmarksGame\reverse-complement\reverse-complement-1.cs:line 132
                    at BenchmarksGame.ReverseComplement_1.Main(String[] args) in J:\lang\net\runtime\src\tests\JIT\Performance\CodeQuality\BenchmarksGame\reverse-complement\reverse-complement-1.cs:line 58
                 
                 Return code:      1
                 Raw output file:      J:\lang\net\artifacts\tests\coreclr\Windows_NT.x64.Debug\Reports\JIT.Performance\CodeQuality\BenchmarksGame\reverse-complement\reverse-complement-1\reverse-complement-1.output.txt
                 Raw output:
                 BEGIN EXECUTION
                 
                 J:\lang\net\runtime\artifacts\tests\coreclr\Windows_NT.x64.Debug\JIT\Performance\CodeQuality\BenchmarksGame\reverse-complement\reverse-complement-1>set COMPLUS_JITDIFFABLEDASM=1 
                 
                 J:\lang\net\runtime\artifacts\tests\coreclr\Windows_NT.x64.Debug\JIT\Performance\CodeQuality\BenchmarksGame\reverse-complement\reverse-complement-1>set COMPLUS_TIEREDCOMPILATION=0 
                  "J:\lang\net\runtime\artifacts\tests\coreclr\Windows_NT.x64.Debug\Tests\Core_Root\corerun.exe" reverse-complement-1.dll 
                 Expected: 100
                 Actual: -532462766
                 END EXECUTION - FAILED
                 FAILED
                 Test Harness Exitcode is : 1
                 To run the test:
                 > set CORE_ROOT=J:\lang\net\runtime\artifacts\tests\coreclr\Windows_NT.x64.Debug\Tests\Core_Root
                 > J:\lang\net\runtime\artifacts\tests\coreclr\Windows_NT.x64.Debug\JIT\Performance\CodeQuality\BenchmarksGame\reverse-complement\reverse-complement-1\reverse-complement-1.cmd
             JIT\Performance\CodeQuality\BenchmarksGame\regex-redux\regex-redux-5\regex-redux-5.cmd [FAIL]
               
               Return code:      1
               Raw output file:      J:\lang\net\artifacts\tests\coreclr\Windows_NT.x64.Debug\Reports\JIT.Performance\CodeQuality\BenchmarksGame\regex-redux\regex-redux-5\regex-redux-5.output.txt
               Raw output:
               BEGIN EXECUTION
               
               J:\lang\net\runtime\artifacts\tests\coreclr\Windows_NT.x64.Debug\JIT\Performance\CodeQuality\BenchmarksGame\regex-redux\regex-redux-5>set COMPLUS_JITDIFFABLEDASM=1 
               
               J:\lang\net\runtime\artifacts\tests\coreclr\Windows_NT.x64.Debug\JIT\Performance\CodeQuality\BenchmarksGame\regex-redux\regex-redux-5>set COMPLUS_TIEREDCOMPILATION=0 
                "J:\lang\net\runtime\artifacts\tests\coreclr\Windows_NT.x64.Debug\Tests\Core_Root\corerun.exe" regex-redux-5.dll 
               agggtaaa|tttaccct 1
               [cgt]gggtaaa|tttaccc[acg] 0
               a[act]ggtaaa|tttacc[agt]t 0
               ag[act]gtaaa|tttac[agt]ct 0
               agg[act]taaa|ttta[agt]cct 0
               aggg[acg]aaa|ttt[cgt]ccct 1
               agggt[cgt]aa|tt[acg]accct 0
               agggta[cgt]a|t[acg]taccct 0
               agggtaa[cgt]|[acg]ttaccct 0
               
               342
               256
               157
               Expected: 100
               Actual: -1
               END EXECUTION - FAILED
               FAILED
               Test Harness Exitcode is : 1
               To run the test:
               > set CORE_ROOT=J:\lang\net\runtime\artifacts\tests\coreclr\Windows_NT.x64.Debug\Tests\Core_Root
               > J:\lang\net\runtime\artifacts\tests\coreclr\Windows_NT.x64.Debug\JIT\Performance\CodeQuality\BenchmarksGame\regex-redux\regex-redux-5\regex-redux-5.cmd
               Expected: True
               Actual:   False
               Stack Trace:
                 J:\lang\net\runtime\artifacts\tests\coreclr\Windows_NT.x64.Debug\TestWrappers\JIT.Performance\JIT.Performance.XUnitWrapper.cs(1401,0): at JIT_Performance._CodeQuality_BenchmarksGame_regex_redux_regex_redux_5_regex_redux_5_._CodeQuality_BenchmarksGame_regex_redux_regex_redux_5_regex_redux_5_cmd()
               Output:
                 
                 Return code:      1
                 Raw output file:      J:\lang\net\artifacts\tests\coreclr\Windows_NT.x64.Debug\Reports\JIT.Performance\CodeQuality\BenchmarksGame\regex-redux\regex-redux-5\regex-redux-5.output.txt
                 Raw output:
                 BEGIN EXECUTION
                 
                 J:\lang\net\runtime\artifacts\tests\coreclr\Windows_NT.x64.Debug\JIT\Performance\CodeQuality\BenchmarksGame\regex-redux\regex-redux-5>set COMPLUS_JITDIFFABLEDASM=1 
                 
                 J:\lang\net\runtime\artifacts\tests\coreclr\Windows_NT.x64.Debug\JIT\Performance\CodeQuality\BenchmarksGame\regex-redux\regex-redux-5>set COMPLUS_TIEREDCOMPILATION=0 
                  "J:\lang\net\runtime\artifacts\tests\coreclr\Windows_NT.x64.Debug\Tests\Core_Root\corerun.exe" regex-redux-5.dll 
                 agggtaaa|tttaccct 1
                 [cgt]gggtaaa|tttaccc[acg] 0
                 a[act]ggtaaa|tttacc[agt]t 0
                 ag[act]gtaaa|tttac[agt]ct 0
                 agg[act]taaa|ttta[agt]cct 0
                 aggg[acg]aaa|ttt[cgt]ccct 1
                 agggt[cgt]aa|tt[acg]accct 0
                 agggta[cgt]a|t[acg]taccct 0
                 agggtaa[cgt]|[acg]ttaccct 0
                 
                 342
                 256
                 157
                 Expected: 100
                 Actual: -1
                 END EXECUTION - FAILED
                 FAILED
                 Test Harness Exitcode is : 1
                 To run the test:
                 > set CORE_ROOT=J:\lang\net\runtime\artifacts\tests\coreclr\Windows_NT.x64.Debug\Tests\Core_Root
                 > J:\lang\net\runtime\artifacts\tests\coreclr\Windows_NT.x64.Debug\JIT\Performance\CodeQuality\BenchmarksGame\regex-redux\regex-redux-5\regex-redux-5.cmd
           Finished:    JIT.Performance.XUnitWrapper
           Discovering: JIT.Regression.XUnitWrapper
           Discovered:  JIT.Regression.XUnitWrapper
           Starting:    JIT.Regression.XUnitWrapper
           Finished:    JIT.Regression.XUnitWrapper
           Discovering: JIT.RyuJIT.XUnitWrapper
           Discovered:  JIT.RyuJIT.XUnitWrapper
           Starting:    JIT.RyuJIT.XUnitWrapper
           Finished:    JIT.RyuJIT.XUnitWrapper
           Discovering: JIT.SIMD.XUnitWrapper
           Discovered:  JIT.SIMD.XUnitWrapper
           Starting:    JIT.SIMD.XUnitWrapper
           Finished:    JIT.SIMD.XUnitWrapper
           Discovering: JIT.Stress.XUnitWrapper
           Discovered:  JIT.Stress.XUnitWrapper
           Starting:    JIT.Stress.XUnitWrapper
           Finished:    JIT.Stress.XUnitWrapper
           Discovering: JIT.superpmi.XUnitWrapper
           Discovered:  JIT.superpmi.XUnitWrapper
           Starting:    JIT.superpmi.XUnitWrapper
           Finished:    JIT.superpmi.XUnitWrapper
           Discovering: Loader.AssemblyDependencyResolver.XUnitWrapper
           Discovered:  Loader.AssemblyDependencyResolver.XUnitWrapper
           Starting:    Loader.AssemblyDependencyResolver.XUnitWrapper
           Finished:    Loader.AssemblyDependencyResolver.XUnitWrapper
           Discovering: Loader.AssemblyLoadContext30Extensions.XUnitWrapper
           Discovered:  Loader.AssemblyLoadContext30Extensions.XUnitWrapper
           Starting:    Loader.AssemblyLoadContext30Extensions.XUnitWrapper
           Finished:    Loader.AssemblyLoadContext30Extensions.XUnitWrapper
           Discovering: Loader.binding.XUnitWrapper
           Discovered:  Loader.binding.XUnitWrapper
           Starting:    Loader.binding.XUnitWrapper
           Finished:    Loader.binding.XUnitWrapper
           Discovering: Loader.classloader.XUnitWrapper
           Discovered:  Loader.classloader.XUnitWrapper
           Starting:    Loader.classloader.XUnitWrapper
           Finished:    Loader.classloader.XUnitWrapper
           Discovering: Loader.CollectibleAssemblies.XUnitWrapper
           Discovered:  Loader.CollectibleAssemblies.XUnitWrapper
           Starting:    Loader.CollectibleAssemblies.XUnitWrapper
           Finished:    Loader.CollectibleAssemblies.XUnitWrapper
           Discovering: Loader.ContextualReflection.XUnitWrapper
           Discovered:  Loader.ContextualReflection.XUnitWrapper
           Starting:    Loader.ContextualReflection.XUnitWrapper
           Finished:    Loader.ContextualReflection.XUnitWrapper
           Discovering: Loader.regressions.XUnitWrapper
           Discovered:  Loader.regressions.XUnitWrapper
           Starting:    Loader.regressions.XUnitWrapper
           Finished:    Loader.regressions.XUnitWrapper
           Discovering: managed.Compilation.XUnitWrapper
           Discovered:  managed.Compilation.XUnitWrapper
           Starting:    managed.Compilation.XUnitWrapper
           Finished:    managed.Compilation.XUnitWrapper
           Discovering: profiler.elt.XUnitWrapper
           Discovered:  profiler.elt.XUnitWrapper
           Starting:    profiler.elt.XUnitWrapper
           Finished:    profiler.elt.XUnitWrapper
           Discovering: profiler.eventpipe.XUnitWrapper
           Discovered:  profiler.eventpipe.XUnitWrapper
           Starting:    profiler.eventpipe.XUnitWrapper
           Finished:    profiler.eventpipe.XUnitWrapper
           Discovering: profiler.gc.XUnitWrapper
           Discovered:  profiler.gc.XUnitWrapper
           Starting:    profiler.gc.XUnitWrapper
           Finished:    profiler.gc.XUnitWrapper
           Discovering: profiler.rejit.XUnitWrapper
           Discovered:  profiler.rejit.XUnitWrapper
           Starting:    profiler.rejit.XUnitWrapper
           Finished:    profiler.rejit.XUnitWrapper
           Discovering: profiler.unittest.XUnitWrapper
           Discovered:  profiler.unittest.XUnitWrapper
           Starting:    profiler.unittest.XUnitWrapper
           Finished:    profiler.unittest.XUnitWrapper
           Discovering: readytorun.coreroot_determinism.XUnitWrapper
           Discovered:  readytorun.coreroot_determinism.XUnitWrapper
           Starting:    readytorun.coreroot_determinism.XUnitWrapper
